  [1m[36m (1.1ms)[0m  [1mCREATE TABLE "schema_migrations" ("version" varchar NOT NULL) [0m
  [1m[35m (0.4ms)[0m  select sqlite_version(*)
  [1m[36m (1.0ms)[0m  [1mCREATE UNIQUE INDEX "unique_schema_migrations" ON "schema_migrations" ("version")[0m
  [1m[35mActiveRecord::SchemaMigration Load (0.1ms)[0m  SELECT "schema_migrations".* FROM "schema_migrations"
  [1m[36m (1.4ms)[0m  [1mCREATE TABLE "users" ("id" INTEGER PRIMARY KEY AUTOINCREMENT NOT NULL) [0m
  [1m[35m (1.5ms)[0m  ALTER TABLE "users" ADD "username" varchar
  [1m[36m (0.9ms)[0m  [1mALTER TABLE "users" ADD "age" int[0m
  [1m[35m (0.8ms)[0m  ALTER TABLE "users" ADD "avatar_url" varchar
  [1m[36m (1.1ms)[0m  [1mCREATE TABLE "threads" ("id" INTEGER PRIMARY KEY AUTOINCREMENT NOT NULL) [0m
  [1m[35m (1.0ms)[0m  ALTER TABLE "threads" ADD "title" varchar
  [1m[36m (0.9ms)[0m  [1mALTER TABLE "threads" ADD "subforum" varchar[0m
  [1m[35m (0.9ms)[0m  ALTER TABLE "threads" ADD "thread_id" integer
  [1m[36m (0.1ms)[0m  [1mselect sqlite_version(*)[0m
  [1m[35m (1.1ms)[0m  CREATE  INDEX "index_threads_on_thread_id" ON "threads" ("thread_id")
  [1m[36m (0.9ms)[0m  [1mALTER TABLE "threads" ADD "content" text[0m
  [1m[35m (1.1ms)[0m  CREATE TABLE "posts" ("id" INTEGER PRIMARY KEY AUTOINCREMENT NOT NULL) 
  [1m[36m (1.0ms)[0m  [1mALTER TABLE "posts" ADD "thread" integer[0m
  [1m[35m (0.9ms)[0m  ALTER TABLE "posts" ADD "user" varchar
  [1m[36m (0.9ms)[0m  [1mALTER TABLE "posts" ADD "post_number" integer[0m
  [1m[35m (0.9ms)[0m  ALTER TABLE "posts" ADD "content" text
  [1m[36m (0.9ms)[0m  [1mCREATE TABLE "subforums" ("id" INTEGER PRIMARY KEY AUTOINCREMENT NOT NULL) [0m
  [1m[35m (0.8ms)[0m  ALTER TABLE "subforums" ADD "topic" varchar
  [1m[36mActiveRecord::SchemaMigration Load (0.1ms)[0m  [1mSELECT "schema_migrations".* FROM "schema_migrations"[0m
  [1m[35m (0.1ms)[0m              SELECT sql
            FROM sqlite_master
            WHERE name='index_threads_on_thread_id' AND type='index'
            UNION ALL
            SELECT sql
            FROM sqlite_temp_master
            WHERE name='index_threads_on_thread_id' AND type='index'

  [1m[36mActiveRecord::SchemaMigration Load (0.1ms)[0m  [1mSELECT "schema_migrations".* FROM "schema_migrations"[0m
  [1m[35m (0.1ms)[0m              SELECT sql
            FROM sqlite_master
            WHERE name='index_threads_on_thread_id' AND type='index'
            UNION ALL
            SELECT sql
            FROM sqlite_temp_master
            WHERE name='index_threads_on_thread_id' AND type='index'

  [1m[36m (0.1ms)[0m  [1mbegin transaction[0m
  [1m[35m (0.6ms)[0m  CREATE TEMPORARY TABLE "ausers" ("id" INTEGER PRIMARY KEY AUTOINCREMENT NOT NULL, "username" varchar, "age" integer, "avatar_url" varchar) 
  [1m[36m (0.1ms)[0m  [1mSELECT * FROM "users"[0m
  [1m[35m (0.3ms)[0m  DROP TABLE "users"
  [1m[36m (0.1ms)[0m  [1mCREATE TABLE "users" ("id" INTEGER PRIMARY KEY AUTOINCREMENT NOT NULL, "username" varchar, "age" int, "avatar_url" varchar) [0m
  [1m[35m (0.0ms)[0m  SELECT * FROM "ausers"
  [1m[36m (0.3ms)[0m  [1mDROP TABLE "ausers"[0m
  [1m[35m (1.0ms)[0m  commit transaction
  [1m[36mActiveRecord::SchemaMigration Load (0.1ms)[0m  [1mSELECT "schema_migrations".* FROM "schema_migrations"[0m
  [1m[35m (0.1ms)[0m              SELECT sql
            FROM sqlite_master
            WHERE name='index_threads_on_thread_id' AND type='index'
            UNION ALL
            SELECT sql
            FROM sqlite_temp_master
            WHERE name='index_threads_on_thread_id' AND type='index'

  [1m[36mActiveRecord::SchemaMigration Load (0.1ms)[0m  [1mSELECT "schema_migrations".* FROM "schema_migrations"[0m
  [1m[35m (0.1ms)[0m              SELECT sql
            FROM sqlite_master
            WHERE name='index_threads_on_thread_id' AND type='index'
            UNION ALL
            SELECT sql
            FROM sqlite_temp_master
            WHERE name='index_threads_on_thread_id' AND type='index'



Started GET "/" for ::1 at 2015-05-07 12:04:41 -0500

SyntaxError (/Users/Michael/Desktop/Web Development/final/app/controllers/threads_controller.rb:17: syntax error, unexpected tLABEL, expecting '='
                 thread_id: params[:thread_id],
                           ^
/Users/Michael/Desktop/Web Development/final/app/controllers/threads_controller.rb:18: syntax error, unexpected tLABEL, expecting '='
                 content: params[:content]
                         ^
/Users/Michael/Desktop/Web Development/final/app/controllers/threads_controller.rb:21: syntax error, unexpected keyword_end, expecting ')'
/Users/Michael/Desktop/Web Development/final/app/controllers/threads_controller.rb:31: syntax error, unexpected tLABEL, expecting '='
                  thread_id: params[:thread_id],
                            ^
/Users/Michael/Desktop/Web Development/final/app/controllers/threads_controller.rb:32: syntax error, unexpected tLABEL, expecting '='
                  content: params[:content]
                          ^
/Users/Michael/Desktop/Web Development/final/app/controllers/threads_controller.rb:35: syntax error, unexpected keyword_end, expecting ')'
/Users/Michael/Desktop/Web Development/final/app/controllers/threads_controller.rb:43: syntax error, unexpected keyword_end, expecting ')'):
  app/controllers/threads_controller.rb:17: syntax error, unexpected tLABEL, expecting '='
  app/controllers/threads_controller.rb:18: syntax error, unexpected tLABEL, expecting '='
  app/controllers/threads_controller.rb:21: syntax error, unexpected keyword_end, expecting ')'
  app/controllers/threads_controller.rb:31: syntax error, unexpected tLABEL, expecting '='
  app/controllers/threads_controller.rb:32: syntax error, unexpected tLABEL, expecting '='
  app/controllers/threads_controller.rb:35: syntax error, unexpected keyword_end, expecting ')'
  app/controllers/threads_controller.rb:43: syntax error, unexpected keyword_end, expecting ')'


  Rendered /Users/Michael/.rvm/gems/ruby-2.2.1/gems/actionpack-4.2.1/lib/action_dispatch/middleware/templates/rescues/_source.erb (6.9ms)
  Rendered /Users/Michael/.rvm/gems/ruby-2.2.1/gems/actionpack-4.2.1/lib/action_dispatch/middleware/templates/rescues/_trace.html.erb (3.0ms)
  Rendered /Users/Michael/.rvm/gems/ruby-2.2.1/gems/actionpack-4.2.1/lib/action_dispatch/middleware/templates/rescues/_request_and_response.html.erb (11.6ms)
  Rendered /Users/Michael/.rvm/gems/ruby-2.2.1/gems/actionpack-4.2.1/lib/action_dispatch/middleware/templates/rescues/diagnostics.html.erb within rescues/layout (92.7ms)
  Rendered /Users/Michael/.rvm/gems/ruby-2.2.1/gems/web-console-2.1.2/lib/web_console/templates/_markup.html.erb (0.5ms)
  Rendered /Users/Michael/.rvm/gems/ruby-2.2.1/gems/web-console-2.1.2/lib/web_console/templates/style.css.erb within layouts/inlined_string (0.4ms)
  Rendered /Users/Michael/.rvm/gems/ruby-2.2.1/gems/web-console-2.1.2/lib/web_console/templates/_inner_console_markup.html.erb within layouts/inlined_string (0.4ms)
  Rendered /Users/Michael/.rvm/gems/ruby-2.2.1/gems/web-console-2.1.2/lib/web_console/templates/_prompt_box_markup.html.erb within layouts/inlined_string (0.4ms)
  Rendered /Users/Michael/.rvm/gems/ruby-2.2.1/gems/web-console-2.1.2/lib/web_console/templates/console.js.erb within layouts/javascript (65.2ms)
  Rendered /Users/Michael/.rvm/gems/ruby-2.2.1/gems/web-console-2.1.2/lib/web_console/templates/main.js.erb within layouts/javascript (0.4ms)
  Rendered /Users/Michael/.rvm/gems/ruby-2.2.1/gems/web-console-2.1.2/lib/web_console/templates/error_page.js.erb within layouts/javascript (0.5ms)
  Rendered /Users/Michael/.rvm/gems/ruby-2.2.1/gems/web-console-2.1.2/lib/web_console/templates/index.html.erb (192.5ms)
  [1m[36m (0.1ms)[0m  [1mbegin transaction[0m
  [1m[35m (0.6ms)[0m  CREATE TEMPORARY TABLE "ausers" ("id" INTEGER PRIMARY KEY AUTOINCREMENT NOT NULL, "username" varchar, "age" integer, "avatar_url" varchar) 
  [1m[36m (0.1ms)[0m  [1mSELECT * FROM "users"[0m
  [1m[35m (0.3ms)[0m  DROP TABLE "users"
  [1m[36m (0.1ms)[0m  [1mCREATE TABLE "users" ("id" INTEGER PRIMARY KEY AUTOINCREMENT NOT NULL, "username" varchar, "age" int, "avatar_url" varchar) [0m
  [1m[35m (0.1ms)[0m  SELECT * FROM "ausers"
  [1m[36m (0.3ms)[0m  [1mDROP TABLE "ausers"[0m
  [1m[35m (2.8ms)[0m  commit transaction
  [1m[36m (0.0ms)[0m  [1mbegin transaction[0m
  [1m[35m (0.2ms)[0m  CREATE TEMPORARY TABLE "athreads" ("id" INTEGER PRIMARY KEY AUTOINCREMENT NOT NULL, "title" varchar, "subforum" varchar, "thread_id" integer, "content" text) 
  [1m[36m (0.1ms)[0m  [1m            SELECT sql
            FROM sqlite_master
            WHERE name='index_threads_on_thread_id' AND type='index'
            UNION ALL
            SELECT sql
            FROM sqlite_temp_master
            WHERE name='index_threads_on_thread_id' AND type='index'
[0m
  [1m[35m (0.5ms)[0m  select sqlite_version(*)
  [1m[36m (0.1ms)[0m  [1mCREATE  INDEX "tindex_athreads_on_thread_id" ON "athreads" ("thread_id")[0m
  [1m[35m (0.1ms)[0m  SELECT * FROM "threads"
  [1m[36m (0.3ms)[0m  [1mDROP TABLE "threads"[0m
  [1m[35m (0.1ms)[0m  CREATE TABLE "threads" ("id" INTEGER PRIMARY KEY AUTOINCREMENT NOT NULL, "title" varchar, "subforum" varchar, "content" text) 
  [1m[36m (0.1ms)[0m  [1m            SELECT sql
            FROM sqlite_master
            WHERE name='tindex_athreads_on_thread_id' AND type='index'
            UNION ALL
            SELECT sql
            FROM sqlite_temp_master
            WHERE name='tindex_athreads_on_thread_id' AND type='index'
[0m
  [1m[35m (0.1ms)[0m  SELECT * FROM "athreads"
  [1m[36m (0.1ms)[0m  [1mDROP TABLE "athreads"[0m
  [1m[35m (0.8ms)[0m  commit transaction
  [1m[36mActiveRecord::SchemaMigration Load (0.1ms)[0m  [1mSELECT "schema_migrations".* FROM "schema_migrations"[0m
  [1m[35mActiveRecord::SchemaMigration Load (0.1ms)[0m  SELECT "schema_migrations".* FROM "schema_migrations"


Started GET "/" for ::1 at 2015-05-07 12:07:13 -0500

SyntaxError (/Users/Michael/Desktop/Web Development/final/app/controllers/threads_controller.rb:17: syntax error, unexpected tLABEL, expecting '='
                 content: params[:content]
                         ^
/Users/Michael/Desktop/Web Development/final/app/controllers/threads_controller.rb:20: syntax error, unexpected keyword_end, expecting ')'
/Users/Michael/Desktop/Web Development/final/app/controllers/threads_controller.rb:30: syntax error, unexpected tLABEL, expecting '='
                  content: params[:content]
                          ^
/Users/Michael/Desktop/Web Development/final/app/controllers/threads_controller.rb:33: syntax error, unexpected keyword_end, expecting ')'
/Users/Michael/Desktop/Web Development/final/app/controllers/threads_controller.rb:41: syntax error, unexpected keyword_end, expecting ')'):
  app/controllers/threads_controller.rb:17: syntax error, unexpected tLABEL, expecting '='
  app/controllers/threads_controller.rb:20: syntax error, unexpected keyword_end, expecting ')'
  app/controllers/threads_controller.rb:30: syntax error, unexpected tLABEL, expecting '='
  app/controllers/threads_controller.rb:33: syntax error, unexpected keyword_end, expecting ')'
  app/controllers/threads_controller.rb:41: syntax error, unexpected keyword_end, expecting ')'


  Rendered /Users/Michael/.rvm/gems/ruby-2.2.1/gems/actionpack-4.2.1/lib/action_dispatch/middleware/templates/rescues/_source.erb (4.9ms)
  Rendered /Users/Michael/.rvm/gems/ruby-2.2.1/gems/actionpack-4.2.1/lib/action_dispatch/middleware/templates/rescues/_trace.html.erb (2.5ms)
  Rendered /Users/Michael/.rvm/gems/ruby-2.2.1/gems/actionpack-4.2.1/lib/action_dispatch/middleware/templates/rescues/_request_and_response.html.erb (11.2ms)
  Rendered /Users/Michael/.rvm/gems/ruby-2.2.1/gems/actionpack-4.2.1/lib/action_dispatch/middleware/templates/rescues/diagnostics.html.erb within rescues/layout (74.0ms)
  Rendered /Users/Michael/.rvm/gems/ruby-2.2.1/gems/web-console-2.1.2/lib/web_console/templates/_markup.html.erb (0.5ms)
  Rendered /Users/Michael/.rvm/gems/ruby-2.2.1/gems/web-console-2.1.2/lib/web_console/templates/style.css.erb within layouts/inlined_string (0.4ms)
  Rendered /Users/Michael/.rvm/gems/ruby-2.2.1/gems/web-console-2.1.2/lib/web_console/templates/_inner_console_markup.html.erb within layouts/inlined_string (0.3ms)
  Rendered /Users/Michael/.rvm/gems/ruby-2.2.1/gems/web-console-2.1.2/lib/web_console/templates/_prompt_box_markup.html.erb within layouts/inlined_string (0.4ms)
  Rendered /Users/Michael/.rvm/gems/ruby-2.2.1/gems/web-console-2.1.2/lib/web_console/templates/console.js.erb within layouts/javascript (53.1ms)
  Rendered /Users/Michael/.rvm/gems/ruby-2.2.1/gems/web-console-2.1.2/lib/web_console/templates/main.js.erb within layouts/javascript (0.4ms)
  Rendered /Users/Michael/.rvm/gems/ruby-2.2.1/gems/web-console-2.1.2/lib/web_console/templates/error_page.js.erb within layouts/javascript (0.4ms)
  Rendered /Users/Michael/.rvm/gems/ruby-2.2.1/gems/web-console-2.1.2/lib/web_console/templates/index.html.erb (121.7ms)


Started GET "/" for ::1 at 2015-05-07 12:09:54 -0500

SyntaxError (/Users/Michael/Desktop/Web Development/final/app/controllers/threads_controller.rb:17: syntax error, unexpected tLABEL, expecting '='
                 content: params[:desc]
                         ^
/Users/Michael/Desktop/Web Development/final/app/controllers/threads_controller.rb:20: syntax error, unexpected keyword_end, expecting ')'
/Users/Michael/Desktop/Web Development/final/app/controllers/threads_controller.rb:30: syntax error, unexpected tLABEL, expecting '='
                  content: params[:desc]
                          ^
/Users/Michael/Desktop/Web Development/final/app/controllers/threads_controller.rb:33: syntax error, unexpected keyword_end, expecting ')'
/Users/Michael/Desktop/Web Development/final/app/controllers/threads_controller.rb:41: syntax error, unexpected keyword_end, expecting ')'):
  app/controllers/threads_controller.rb:17: syntax error, unexpected tLABEL, expecting '='
  app/controllers/threads_controller.rb:20: syntax error, unexpected keyword_end, expecting ')'
  app/controllers/threads_controller.rb:30: syntax error, unexpected tLABEL, expecting '='
  app/controllers/threads_controller.rb:33: syntax error, unexpected keyword_end, expecting ')'
  app/controllers/threads_controller.rb:41: syntax error, unexpected keyword_end, expecting ')'


  Rendered /Users/Michael/.rvm/gems/ruby-2.2.1/gems/actionpack-4.2.1/lib/action_dispatch/middleware/templates/rescues/_source.erb (6.6ms)
  Rendered /Users/Michael/.rvm/gems/ruby-2.2.1/gems/actionpack-4.2.1/lib/action_dispatch/middleware/templates/rescues/_trace.html.erb (2.8ms)
  Rendered /Users/Michael/.rvm/gems/ruby-2.2.1/gems/actionpack-4.2.1/lib/action_dispatch/middleware/templates/rescues/_request_and_response.html.erb (6.6ms)
  Rendered /Users/Michael/.rvm/gems/ruby-2.2.1/gems/actionpack-4.2.1/lib/action_dispatch/middleware/templates/rescues/diagnostics.html.erb within rescues/layout (75.2ms)
  Rendered /Users/Michael/.rvm/gems/ruby-2.2.1/gems/web-console-2.1.2/lib/web_console/templates/_markup.html.erb (0.3ms)
  Rendered /Users/Michael/.rvm/gems/ruby-2.2.1/gems/web-console-2.1.2/lib/web_console/templates/style.css.erb within layouts/inlined_string (0.4ms)
  Rendered /Users/Michael/.rvm/gems/ruby-2.2.1/gems/web-console-2.1.2/lib/web_console/templates/_inner_console_markup.html.erb within layouts/inlined_string (0.4ms)
  Rendered /Users/Michael/.rvm/gems/ruby-2.2.1/gems/web-console-2.1.2/lib/web_console/templates/_prompt_box_markup.html.erb within layouts/inlined_string (0.3ms)
  Rendered /Users/Michael/.rvm/gems/ruby-2.2.1/gems/web-console-2.1.2/lib/web_console/templates/console.js.erb within layouts/javascript (54.3ms)
  Rendered /Users/Michael/.rvm/gems/ruby-2.2.1/gems/web-console-2.1.2/lib/web_console/templates/main.js.erb within layouts/javascript (0.4ms)
  Rendered /Users/Michael/.rvm/gems/ruby-2.2.1/gems/web-console-2.1.2/lib/web_console/templates/error_page.js.erb within layouts/javascript (0.6ms)
  Rendered /Users/Michael/.rvm/gems/ruby-2.2.1/gems/web-console-2.1.2/lib/web_console/templates/index.html.erb (118.7ms)


Started GET "/" for ::1 at 2015-05-07 12:11:08 -0500

SyntaxError (/Users/Michael/Desktop/Web Development/final/app/controllers/threads_controller.rb:17: syntax error, unexpected tLABEL, expecting '='
        content: params[:desc]
                ^
/Users/Michael/Desktop/Web Development/final/app/controllers/threads_controller.rb:20: syntax error, unexpected keyword_end, expecting ')'
/Users/Michael/Desktop/Web Development/final/app/controllers/threads_controller.rb:30: syntax error, unexpected tLABEL, expecting '='
        content: params[:content]
                ^
/Users/Michael/Desktop/Web Development/final/app/controllers/threads_controller.rb:33: syntax error, unexpected keyword_end, expecting ')'
/Users/Michael/Desktop/Web Development/final/app/controllers/threads_controller.rb:41: syntax error, unexpected keyword_end, expecting ')'):
  app/controllers/threads_controller.rb:17: syntax error, unexpected tLABEL, expecting '='
  app/controllers/threads_controller.rb:20: syntax error, unexpected keyword_end, expecting ')'
  app/controllers/threads_controller.rb:30: syntax error, unexpected tLABEL, expecting '='
  app/controllers/threads_controller.rb:33: syntax error, unexpected keyword_end, expecting ')'
  app/controllers/threads_controller.rb:41: syntax error, unexpected keyword_end, expecting ')'


  Rendered /Users/Michael/.rvm/gems/ruby-2.2.1/gems/actionpack-4.2.1/lib/action_dispatch/middleware/templates/rescues/_source.erb (5.0ms)
  Rendered /Users/Michael/.rvm/gems/ruby-2.2.1/gems/actionpack-4.2.1/lib/action_dispatch/middleware/templates/rescues/_trace.html.erb (2.8ms)
  Rendered /Users/Michael/.rvm/gems/ruby-2.2.1/gems/actionpack-4.2.1/lib/action_dispatch/middleware/templates/rescues/_request_and_response.html.erb (1.1ms)
  Rendered /Users/Michael/.rvm/gems/ruby-2.2.1/gems/actionpack-4.2.1/lib/action_dispatch/middleware/templates/rescues/diagnostics.html.erb within rescues/layout (63.2ms)
  Rendered /Users/Michael/.rvm/gems/ruby-2.2.1/gems/web-console-2.1.2/lib/web_console/templates/_markup.html.erb (0.4ms)
  Rendered /Users/Michael/.rvm/gems/ruby-2.2.1/gems/web-console-2.1.2/lib/web_console/templates/style.css.erb within layouts/inlined_string (0.3ms)
  Rendered /Users/Michael/.rvm/gems/ruby-2.2.1/gems/web-console-2.1.2/lib/web_console/templates/_inner_console_markup.html.erb within layouts/inlined_string (0.6ms)
  Rendered /Users/Michael/.rvm/gems/ruby-2.2.1/gems/web-console-2.1.2/lib/web_console/templates/_prompt_box_markup.html.erb within layouts/inlined_string (0.4ms)
  Rendered /Users/Michael/.rvm/gems/ruby-2.2.1/gems/web-console-2.1.2/lib/web_console/templates/console.js.erb within layouts/javascript (56.3ms)
  Rendered /Users/Michael/.rvm/gems/ruby-2.2.1/gems/web-console-2.1.2/lib/web_console/templates/main.js.erb within layouts/javascript (0.4ms)
  Rendered /Users/Michael/.rvm/gems/ruby-2.2.1/gems/web-console-2.1.2/lib/web_console/templates/error_page.js.erb within layouts/javascript (0.5ms)
  Rendered /Users/Michael/.rvm/gems/ruby-2.2.1/gems/web-console-2.1.2/lib/web_console/templates/index.html.erb (124.7ms)


Started GET "/" for ::1 at 2015-05-07 12:12:01 -0500
Processing by ThreadsController#index as HTML
Completed 500 Internal Server Error in 1ms (ActiveRecord: 0.0ms)

NoMethodError (undefined method `all' for Thread:Class):
  app/controllers/threads_controller.rb:4:in `index'


  Rendered /Users/Michael/.rvm/gems/ruby-2.2.1/gems/actionpack-4.2.1/lib/action_dispatch/middleware/templates/rescues/_source.erb (9.6ms)
  Rendered /Users/Michael/.rvm/gems/ruby-2.2.1/gems/actionpack-4.2.1/lib/action_dispatch/middleware/templates/rescues/_trace.html.erb (4.0ms)
  Rendered /Users/Michael/.rvm/gems/ruby-2.2.1/gems/actionpack-4.2.1/lib/action_dispatch/middleware/templates/rescues/_request_and_response.html.erb (1.2ms)
  Rendered /Users/Michael/.rvm/gems/ruby-2.2.1/gems/actionpack-4.2.1/lib/action_dispatch/middleware/templates/rescues/diagnostics.html.erb within rescues/layout (72.3ms)
  Rendered /Users/Michael/.rvm/gems/ruby-2.2.1/gems/web-console-2.1.2/lib/web_console/templates/_markup.html.erb (0.4ms)
  Rendered /Users/Michael/.rvm/gems/ruby-2.2.1/gems/web-console-2.1.2/lib/web_console/templates/style.css.erb within layouts/inlined_string (0.5ms)
  Rendered /Users/Michael/.rvm/gems/ruby-2.2.1/gems/web-console-2.1.2/lib/web_console/templates/_inner_console_markup.html.erb within layouts/inlined_string (0.5ms)
  Rendered /Users/Michael/.rvm/gems/ruby-2.2.1/gems/web-console-2.1.2/lib/web_console/templates/_prompt_box_markup.html.erb within layouts/inlined_string (0.5ms)
  Rendered /Users/Michael/.rvm/gems/ruby-2.2.1/gems/web-console-2.1.2/lib/web_console/templates/console.js.erb within layouts/javascript (55.3ms)
  Rendered /Users/Michael/.rvm/gems/ruby-2.2.1/gems/web-console-2.1.2/lib/web_console/templates/main.js.erb within layouts/javascript (0.6ms)
  Rendered /Users/Michael/.rvm/gems/ruby-2.2.1/gems/web-console-2.1.2/lib/web_console/templates/error_page.js.erb within layouts/javascript (0.6ms)
  Rendered /Users/Michael/.rvm/gems/ruby-2.2.1/gems/web-console-2.1.2/lib/web_console/templates/index.html.erb (123.7ms)
  [1m[36m (0.2ms)[0m  [1mbegin transaction[0m
  [1m[35m (0.5ms)[0m  CREATE TEMPORARY TABLE "ausers" ("id" INTEGER PRIMARY KEY AUTOINCREMENT NOT NULL, "username" varchar, "age" integer, "avatar_url" varchar) 
  [1m[36m (0.2ms)[0m  [1mSELECT * FROM "users"[0m
  [1m[35m (0.3ms)[0m  DROP TABLE "users"
  [1m[36m (0.1ms)[0m  [1mCREATE TABLE "users" ("id" INTEGER PRIMARY KEY AUTOINCREMENT NOT NULL, "username" varchar, "age" int, "avatar_url" varchar) [0m
  [1m[35m (0.0ms)[0m  SELECT * FROM "ausers"
  [1m[36m (0.3ms)[0m  [1mDROP TABLE "ausers"[0m
  [1m[35m (1.1ms)[0m  commit transaction
  [1m[36mActiveRecord::SchemaMigration Load (0.1ms)[0m  [1mSELECT "schema_migrations".* FROM "schema_migrations"[0m
  [1m[35mActiveRecord::SchemaMigration Load (0.1ms)[0m  SELECT "schema_migrations".* FROM "schema_migrations"
  [1m[36m (0.1ms)[0m  [1mbegin transaction[0m
  [1m[35m (0.7ms)[0m  CREATE TEMPORARY TABLE "ausers" ("id" INTEGER PRIMARY KEY AUTOINCREMENT NOT NULL, "username" varchar, "age" integer, "avatar_url" varchar) 
  [1m[36m (0.1ms)[0m  [1mSELECT * FROM "users"[0m
  [1m[35m (0.4ms)[0m  DROP TABLE "users"
  [1m[36m (0.1ms)[0m  [1mCREATE TABLE "users" ("id" INTEGER PRIMARY KEY AUTOINCREMENT NOT NULL, "username" varchar, "age" int, "avatar_url" varchar) [0m
  [1m[35m (0.1ms)[0m  SELECT * FROM "ausers"
  [1m[36m (0.4ms)[0m  [1mDROP TABLE "ausers"[0m
  [1m[35m (2.7ms)[0m  commit transaction
  [1m[36mActiveRecord::SchemaMigration Load (0.1ms)[0m  [1mSELECT "schema_migrations".* FROM "schema_migrations"[0m
  [1m[35mActiveRecord::SchemaMigration Load (0.1ms)[0m  SELECT "schema_migrations".* FROM "schema_migrations"


Started GET "/" for ::1 at 2015-05-07 12:18:48 -0500
Processing by ThreadsController#index as HTML
Completed 500 Internal Server Error in 10ms (ActiveRecord: 0.0ms)

NoMethodError (undefined method `all' for Thread:Class):
  app/controllers/threads_controller.rb:4:in `index'


  Rendered /Users/Michael/.rvm/gems/ruby-2.2.1/gems/actionpack-4.2.1/lib/action_dispatch/middleware/templates/rescues/_source.erb (6.0ms)
  Rendered /Users/Michael/.rvm/gems/ruby-2.2.1/gems/actionpack-4.2.1/lib/action_dispatch/middleware/templates/rescues/_trace.html.erb (2.4ms)
  Rendered /Users/Michael/.rvm/gems/ruby-2.2.1/gems/actionpack-4.2.1/lib/action_dispatch/middleware/templates/rescues/_request_and_response.html.erb (1.4ms)
  Rendered /Users/Michael/.rvm/gems/ruby-2.2.1/gems/actionpack-4.2.1/lib/action_dispatch/middleware/templates/rescues/diagnostics.html.erb within rescues/layout (67.4ms)
  Rendered /Users/Michael/.rvm/gems/ruby-2.2.1/gems/web-console-2.1.2/lib/web_console/templates/_markup.html.erb (0.5ms)
  Rendered /Users/Michael/.rvm/gems/ruby-2.2.1/gems/web-console-2.1.2/lib/web_console/templates/style.css.erb within layouts/inlined_string (0.3ms)
  Rendered /Users/Michael/.rvm/gems/ruby-2.2.1/gems/web-console-2.1.2/lib/web_console/templates/_inner_console_markup.html.erb within layouts/inlined_string (0.4ms)
  Rendered /Users/Michael/.rvm/gems/ruby-2.2.1/gems/web-console-2.1.2/lib/web_console/templates/_prompt_box_markup.html.erb within layouts/inlined_string (0.4ms)
  Rendered /Users/Michael/.rvm/gems/ruby-2.2.1/gems/web-console-2.1.2/lib/web_console/templates/console.js.erb within layouts/javascript (55.7ms)
  Rendered /Users/Michael/.rvm/gems/ruby-2.2.1/gems/web-console-2.1.2/lib/web_console/templates/main.js.erb within layouts/javascript (0.4ms)
  Rendered /Users/Michael/.rvm/gems/ruby-2.2.1/gems/web-console-2.1.2/lib/web_console/templates/error_page.js.erb within layouts/javascript (0.4ms)
  Rendered /Users/Michael/.rvm/gems/ruby-2.2.1/gems/web-console-2.1.2/lib/web_console/templates/index.html.erb (130.8ms)
  [1m[36m (0.1ms)[0m  [1mbegin transaction[0m
  [1m[35m (0.5ms)[0m  CREATE TEMPORARY TABLE "ausers" ("id" INTEGER PRIMARY KEY AUTOINCREMENT NOT NULL, "username" varchar, "age" integer, "avatar_url" varchar) 
  [1m[36m (0.1ms)[0m  [1mSELECT * FROM "users"[0m
  [1m[35m (0.3ms)[0m  DROP TABLE "users"
  [1m[36m (0.1ms)[0m  [1mCREATE TABLE "users" ("id" INTEGER PRIMARY KEY AUTOINCREMENT NOT NULL, "username" varchar, "age" int, "avatar_url" varchar) [0m
  [1m[35m (0.0ms)[0m  SELECT * FROM "ausers"
  [1m[36m (0.3ms)[0m  [1mDROP TABLE "ausers"[0m
  [1m[35m (1.0ms)[0m  commit transaction
  [1m[36m (1.0ms)[0m  [1mCREATE TABLE "topics" ("id" INTEGER PRIMARY KEY AUTOINCREMENT NOT NULL) [0m
  [1m[35m (1.5ms)[0m  ALTER TABLE "topics" ADD "title" varchar
  [1m[36m (1.0ms)[0m  [1mALTER TABLE "topics" ADD "subforum" varchar[0m
  [1m[35m (1.0ms)[0m  ALTER TABLE "topics" ADD "content" text
  [1m[36m (1.1ms)[0m  [1mDROP TABLE "threads"[0m
  [1m[35mActiveRecord::SchemaMigration Load (0.2ms)[0m  SELECT "schema_migrations".* FROM "schema_migrations"
  [1m[36mActiveRecord::SchemaMigration Load (0.1ms)[0m  [1mSELECT "schema_migrations".* FROM "schema_migrations"[0m


Started GET "/" for ::1 at 2015-05-07 12:32:28 -0500
Processing by TopicsController#index as HTML
Completed 500 Internal Server Error in 47ms (ActiveRecord: 0.0ms)

ActionView::MissingTemplate (Missing template topics/index, application/index with {:locale=>[:en], :formats=>[:html], :variants=>[], :handlers=>[:erb, :builder, :raw, :ruby, :coffee, :jbuilder]}. Searched in:
  * "/Users/Michael/Desktop/Web Development/final/app/views"
):
  actionview (4.2.1) lib/action_view/path_set.rb:46:in `find'
  actionview (4.2.1) lib/action_view/lookup_context.rb:121:in `find'
  actionview (4.2.1) lib/action_view/renderer/abstract_renderer.rb:18:in `find_template'
  actionview (4.2.1) lib/action_view/renderer/template_renderer.rb:40:in `determine_template'
  actionview (4.2.1) lib/action_view/renderer/template_renderer.rb:8:in `render'
  actionview (4.2.1) lib/action_view/renderer/renderer.rb:42:in `render_template'
  actionview (4.2.1) lib/action_view/renderer/renderer.rb:23:in `render'
  actionview (4.2.1) lib/action_view/rendering.rb:100:in `_render_template'
  actionpack (4.2.1) lib/action_controller/metal/streaming.rb:217:in `_render_template'
  actionview (4.2.1) lib/action_view/rendering.rb:83:in `render_to_body'
  actionpack (4.2.1) lib/action_controller/metal/rendering.rb:32:in `render_to_body'
  actionpack (4.2.1) lib/action_controller/metal/renderers.rb:37:in `render_to_body'
  actionpack (4.2.1) lib/abstract_controller/rendering.rb:25:in `render'
  actionpack (4.2.1) lib/action_controller/metal/rendering.rb:16:in `render'
  actionpack (4.2.1) lib/action_controller/metal/instrumentation.rb:44:in `block (2 levels) in render'
  activesupport (4.2.1) lib/active_support/core_ext/benchmark.rb:12:in `block in ms'
  /Users/Michael/.rvm/rubies/ruby-2.2.1/lib/ruby/2.2.0/benchmark.rb:303:in `realtime'
  activesupport (4.2.1) lib/active_support/core_ext/benchmark.rb:12:in `ms'
  actionpack (4.2.1) lib/action_controller/metal/instrumentation.rb:44:in `block in render'
  actionpack (4.2.1) lib/action_controller/metal/instrumentation.rb:87:in `cleanup_view_runtime'
  activerecord (4.2.1) lib/active_record/railties/controller_runtime.rb:25:in `cleanup_view_runtime'
  actionpack (4.2.1) lib/action_controller/metal/instrumentation.rb:43:in `render'
  actionpack (4.2.1) lib/action_controller/metal/implicit_render.rb:10:in `default_render'
  actionpack (4.2.1) lib/action_controller/metal/implicit_render.rb:5:in `send_action'
  actionpack (4.2.1) lib/abstract_controller/base.rb:198:in `process_action'
  actionpack (4.2.1) lib/action_controller/metal/rendering.rb:10:in `process_action'
  actionpack (4.2.1) lib/abstract_controller/callbacks.rb:20:in `block in process_action'
  activesupport (4.2.1) lib/active_support/callbacks.rb:117:in `call'
  activesupport (4.2.1) lib/active_support/callbacks.rb:117:in `call'
  activesupport (4.2.1) lib/active_support/callbacks.rb:555:in `block (2 levels) in compile'
  activesupport (4.2.1) lib/active_support/callbacks.rb:505:in `call'
  activesupport (4.2.1) lib/active_support/callbacks.rb:505:in `call'
  activesupport (4.2.1) lib/active_support/callbacks.rb:92:in `_run_callbacks'
  activesupport (4.2.1) lib/active_support/callbacks.rb:776:in `_run_process_action_callbacks'
  activesupport (4.2.1) lib/active_support/callbacks.rb:81:in `run_callbacks'
  actionpack (4.2.1) lib/abstract_controller/callbacks.rb:19:in `process_action'
  actionpack (4.2.1) lib/action_controller/metal/rescue.rb:29:in `process_action'
  actionpack (4.2.1) lib/action_controller/metal/instrumentation.rb:32:in `block in process_action'
  activesupport (4.2.1) lib/active_support/notifications.rb:164:in `block in instrument'
  activesupport (4.2.1) lib/active_support/notifications/instrumenter.rb:20:in `instrument'
  activesupport (4.2.1) lib/active_support/notifications.rb:164:in `instrument'
  actionpack (4.2.1) lib/action_controller/metal/instrumentation.rb:30:in `process_action'
  actionpack (4.2.1) lib/action_controller/metal/params_wrapper.rb:250:in `process_action'
  activerecord (4.2.1) lib/active_record/railties/controller_runtime.rb:18:in `process_action'
  actionpack (4.2.1) lib/abstract_controller/base.rb:137:in `process'
  actionview (4.2.1) lib/action_view/rendering.rb:30:in `process'
  actionpack (4.2.1) lib/action_controller/metal.rb:196:in `dispatch'
  actionpack (4.2.1) lib/action_controller/metal/rack_delegation.rb:13:in `dispatch'
  actionpack (4.2.1) lib/action_controller/metal.rb:237:in `block in action'
  actionpack (4.2.1) lib/action_dispatch/routing/route_set.rb:74:in `call'
  actionpack (4.2.1) lib/action_dispatch/routing/route_set.rb:74:in `dispatch'
  actionpack (4.2.1) lib/action_dispatch/routing/route_set.rb:43:in `serve'
  actionpack (4.2.1) lib/action_dispatch/journey/router.rb:43:in `block in serve'
  actionpack (4.2.1) lib/action_dispatch/journey/router.rb:30:in `each'
  actionpack (4.2.1) lib/action_dispatch/journey/router.rb:30:in `serve'
  actionpack (4.2.1) lib/action_dispatch/routing/route_set.rb:819:in `call'
  rack (1.6.0) lib/rack/etag.rb:24:in `call'
  rack (1.6.0) lib/rack/conditionalget.rb:25:in `call'
  rack (1.6.0) lib/rack/head.rb:13:in `call'
  actionpack (4.2.1) lib/action_dispatch/middleware/params_parser.rb:27:in `call'
  actionpack (4.2.1) lib/action_dispatch/middleware/flash.rb:260:in `call'
  rack (1.6.0) lib/rack/session/abstract/id.rb:225:in `context'
  rack (1.6.0) lib/rack/session/abstract/id.rb:220:in `call'
  actionpack (4.2.1) lib/action_dispatch/middleware/cookies.rb:560:in `call'
  activerecord (4.2.1) lib/active_record/query_cache.rb:36:in `call'
  activerecord (4.2.1) lib/active_record/connection_adapters/abstract/connection_pool.rb:649:in `call'
  activerecord (4.2.1) lib/active_record/migration.rb:378:in `call'
  actionpack (4.2.1) lib/action_dispatch/middleware/callbacks.rb:29:in `block in call'
  activesupport (4.2.1) lib/active_support/callbacks.rb:88:in `call'
  activesupport (4.2.1) lib/active_support/callbacks.rb:88:in `_run_callbacks'
  activesupport (4.2.1) lib/active_support/callbacks.rb:776:in `_run_call_callbacks'
  activesupport (4.2.1) lib/active_support/callbacks.rb:81:in `run_callbacks'
  actionpack (4.2.1) lib/action_dispatch/middleware/callbacks.rb:27:in `call'
  actionpack (4.2.1) lib/action_dispatch/middleware/reloader.rb:73:in `call'
  actionpack (4.2.1) lib/action_dispatch/middleware/remote_ip.rb:78:in `call'
  actionpack (4.2.1) lib/action_dispatch/middleware/debug_exceptions.rb:17:in `call'
  web-console (2.1.2) lib/web_console/middleware.rb:37:in `call'
  actionpack (4.2.1) lib/action_dispatch/middleware/show_exceptions.rb:30:in `call'
  railties (4.2.1) lib/rails/rack/logger.rb:38:in `call_app'
  railties (4.2.1) lib/rails/rack/logger.rb:20:in `block in call'
  activesupport (4.2.1) lib/active_support/tagged_logging.rb:68:in `block in tagged'
  activesupport (4.2.1) lib/active_support/tagged_logging.rb:26:in `tagged'
  activesupport (4.2.1) lib/active_support/tagged_logging.rb:68:in `tagged'
  railties (4.2.1) lib/rails/rack/logger.rb:20:in `call'
  quiet_assets (1.1.0) lib/quiet_assets.rb:27:in `call_with_quiet_assets'
  actionpack (4.2.1) lib/action_dispatch/middleware/request_id.rb:21:in `call'
  rack (1.6.0) lib/rack/methodoverride.rb:22:in `call'
  rack (1.6.0) lib/rack/runtime.rb:18:in `call'
  activesupport (4.2.1) lib/active_support/cache/strategy/local_cache_middleware.rb:28:in `call'
  rack (1.6.0) lib/rack/lock.rb:17:in `call'
  actionpack (4.2.1) lib/action_dispatch/middleware/static.rb:113:in `call'
  rack (1.6.0) lib/rack/sendfile.rb:113:in `call'
  railties (4.2.1) lib/rails/engine.rb:518:in `call'
  railties (4.2.1) lib/rails/application.rb:164:in `call'
  rack (1.6.0) lib/rack/lock.rb:17:in `call'
  rack (1.6.0) lib/rack/content_length.rb:15:in `call'
  rack (1.6.0) lib/rack/handler/webrick.rb:89:in `service'
  /Users/Michael/.rvm/rubies/ruby-2.2.1/lib/ruby/2.2.0/webrick/httpserver.rb:138:in `service'
  /Users/Michael/.rvm/rubies/ruby-2.2.1/lib/ruby/2.2.0/webrick/httpserver.rb:94:in `run'
  /Users/Michael/.rvm/rubies/ruby-2.2.1/lib/ruby/2.2.0/webrick/server.rb:294:in `block in start_thread'


  Rendered /Users/Michael/.rvm/gems/ruby-2.2.1/gems/actionpack-4.2.1/lib/action_dispatch/middleware/templates/rescues/_source.erb (6.7ms)
  Rendered /Users/Michael/.rvm/gems/ruby-2.2.1/gems/actionpack-4.2.1/lib/action_dispatch/middleware/templates/rescues/_trace.html.erb (3.6ms)
  Rendered /Users/Michael/.rvm/gems/ruby-2.2.1/gems/actionpack-4.2.1/lib/action_dispatch/middleware/templates/rescues/_request_and_response.html.erb (1.1ms)
  Rendered /Users/Michael/.rvm/gems/ruby-2.2.1/gems/actionpack-4.2.1/lib/action_dispatch/middleware/templates/rescues/missing_template.html.erb within rescues/layout (74.3ms)
  Rendered /Users/Michael/.rvm/gems/ruby-2.2.1/gems/web-console-2.1.2/lib/web_console/templates/_markup.html.erb (0.5ms)
  Rendered /Users/Michael/.rvm/gems/ruby-2.2.1/gems/web-console-2.1.2/lib/web_console/templates/style.css.erb within layouts/inlined_string (0.4ms)
  Rendered /Users/Michael/.rvm/gems/ruby-2.2.1/gems/web-console-2.1.2/lib/web_console/templates/_inner_console_markup.html.erb within layouts/inlined_string (0.4ms)
  Rendered /Users/Michael/.rvm/gems/ruby-2.2.1/gems/web-console-2.1.2/lib/web_console/templates/_prompt_box_markup.html.erb within layouts/inlined_string (0.4ms)
  Rendered /Users/Michael/.rvm/gems/ruby-2.2.1/gems/web-console-2.1.2/lib/web_console/templates/console.js.erb within layouts/javascript (58.6ms)
  Rendered /Users/Michael/.rvm/gems/ruby-2.2.1/gems/web-console-2.1.2/lib/web_console/templates/main.js.erb within layouts/javascript (0.4ms)
  Rendered /Users/Michael/.rvm/gems/ruby-2.2.1/gems/web-console-2.1.2/lib/web_console/templates/error_page.js.erb within layouts/javascript (0.4ms)
  Rendered /Users/Michael/.rvm/gems/ruby-2.2.1/gems/web-console-2.1.2/lib/web_console/templates/index.html.erb (134.1ms)


Started GET "/" for ::1 at 2015-05-07 12:33:47 -0500
Processing by TopicsController#index as HTML
  [1m[36mTopic Load (1.5ms)[0m  [1mSELECT "topics".* FROM "topics"[0m
  Rendered topics/index.html.erb within layouts/application (7.0ms)
Completed 200 OK in 1871ms (Views: 1868.7ms | ActiveRecord: 1.6ms)


Started GET "/topics/new" for ::1 at 2015-05-07 12:33:53 -0500
Processing by TopicsController#new as HTML
  Rendered topics/new.html.erb within layouts/application (1.5ms)
Completed 200 OK in 30ms (Views: 29.4ms | ActiveRecord: 0.0ms)


Started POST "/topics" for ::1 at 2015-05-07 12:34:12 -0500
Processing by TopicsController#create as HTML
  Parameters: {"utf8"=>"✓", "authenticity_token"=>"PFIbcDKhFJ9NE8IqTcsTrMSN2zOc6H4GoEo5a/yS/WXGlma/lbWpYIEdubIdvouTPReQyKYrHZhH/PA8QNmWaQ==", "title"=>"Test", "subforum"=>"School", "desc"=>"Questions about the test?"}
  [1m[35m (0.1ms)[0m  begin transaction
  [1m[36mSQL (0.7ms)[0m  [1mINSERT INTO "topics" ("title", "subforum") VALUES (?, ?)[0m  [["title", "Test"], ["subforum", "School"]]
  [1m[35m (1.0ms)[0m  commit transaction
Redirected to http://localhost:3000/
Completed 302 Found in 47ms (ActiveRecord: 2.2ms)


Started GET "/" for ::1 at 2015-05-07 12:34:12 -0500
Processing by TopicsController#index as HTML
  [1m[36mTopic Load (0.2ms)[0m  [1mSELECT "topics".* FROM "topics"[0m
  Rendered topics/index.html.erb within layouts/application (3.6ms)
Completed 500 Internal Server Error in 9ms (ActiveRecord: 0.2ms)

ActionView::Template::Error (undefined method `price' for #<Topic:0x007f84bece4c68>):
    12:   <% @topics.each do |topic| %>
    13:     <li>
    14:       <%= link_to topic.title, topic_url(topic.id), :method=> 'get' %>
    15:       (<%= number_to_currency(topic.price / 100) %>)
    16:       <%= link_to "(delete)", topic_url(topic.id), :method=> 'delete' %>
    17:     </li>
    18:   <% end %>
  app/views/topics/index.html.erb:15:in `block in _app_views_topics_index_html_erb__1011575288084474484_70104019870420'
  app/views/topics/index.html.erb:12:in `_app_views_topics_index_html_erb__1011575288084474484_70104019870420'


  Rendered /Users/Michael/.rvm/gems/ruby-2.2.1/gems/actionpack-4.2.1/lib/action_dispatch/middleware/templates/rescues/_source.erb (9.8ms)
  Rendered /Users/Michael/.rvm/gems/ruby-2.2.1/gems/actionpack-4.2.1/lib/action_dispatch/middleware/templates/rescues/_trace.html.erb (3.8ms)
  Rendered /Users/Michael/.rvm/gems/ruby-2.2.1/gems/actionpack-4.2.1/lib/action_dispatch/middleware/templates/rescues/_request_and_response.html.erb (1.3ms)
  Rendered /Users/Michael/.rvm/gems/ruby-2.2.1/gems/actionpack-4.2.1/lib/action_dispatch/middleware/templates/rescues/template_error.html.erb within rescues/layout (69.1ms)
  Rendered /Users/Michael/.rvm/gems/ruby-2.2.1/gems/web-console-2.1.2/lib/web_console/templates/_markup.html.erb (0.4ms)
  Rendered /Users/Michael/.rvm/gems/ruby-2.2.1/gems/web-console-2.1.2/lib/web_console/templates/style.css.erb within layouts/inlined_string (0.4ms)
  Rendered /Users/Michael/.rvm/gems/ruby-2.2.1/gems/web-console-2.1.2/lib/web_console/templates/_inner_console_markup.html.erb within layouts/inlined_string (0.4ms)
  Rendered /Users/Michael/.rvm/gems/ruby-2.2.1/gems/web-console-2.1.2/lib/web_console/templates/_prompt_box_markup.html.erb within layouts/inlined_string (0.4ms)
  Rendered /Users/Michael/.rvm/gems/ruby-2.2.1/gems/web-console-2.1.2/lib/web_console/templates/console.js.erb within layouts/javascript (55.6ms)
  Rendered /Users/Michael/.rvm/gems/ruby-2.2.1/gems/web-console-2.1.2/lib/web_console/templates/main.js.erb within layouts/javascript (0.7ms)
  Rendered /Users/Michael/.rvm/gems/ruby-2.2.1/gems/web-console-2.1.2/lib/web_console/templates/error_page.js.erb within layouts/javascript (0.5ms)
  Rendered /Users/Michael/.rvm/gems/ruby-2.2.1/gems/web-console-2.1.2/lib/web_console/templates/index.html.erb (124.0ms)


Started GET "/" for ::1 at 2015-05-07 12:39:30 -0500
Processing by TopicsController#index as HTML
  [1m[35mTopic Load (0.4ms)[0m  SELECT "topics".* FROM "topics"
  Rendered topics/index.html.erb within layouts/application (2.4ms)
Completed 200 OK in 40ms (Views: 38.6ms | ActiveRecord: 0.4ms)


Started GET "/topics/1" for ::1 at 2015-05-07 12:39:33 -0500
Processing by TopicsController#show as HTML
  Parameters: {"authenticity_token"=>"RFMPRBtvdPq538NA+mEMLhqMYa5NTSV7/hSjJWQJWyi+l3KLvHvJBXXRuNiqFJQR4xYqVXeORuUZompy2EIwJA==", "id"=>"1"}
  [1m[36mTopic Load (0.4ms)[0m  [1mSELECT  "topics".* FROM "topics" WHERE "topics"."id" = ? LIMIT 1[0m  [["id", 1]]
  Rendered topics/show.html.erb within layouts/application (1.3ms)
Completed 500 Internal Server Error in 32ms (ActiveRecord: 0.4ms)

SyntaxError (/Users/Michael/Desktop/Web Development/final/app/views/topics/show.html.erb:40: syntax error, unexpected keyword_ensure, expecting end-of-input):
  app/views/topics/show.html.erb:40: syntax error, unexpected keyword_ensure, expecting end-of-input


  Rendered /Users/Michael/.rvm/gems/ruby-2.2.1/gems/actionpack-4.2.1/lib/action_dispatch/middleware/templates/rescues/_source.erb (7.3ms)
  Rendered /Users/Michael/.rvm/gems/ruby-2.2.1/gems/actionpack-4.2.1/lib/action_dispatch/middleware/templates/rescues/_trace.html.erb (2.7ms)
  Rendered /Users/Michael/.rvm/gems/ruby-2.2.1/gems/actionpack-4.2.1/lib/action_dispatch/middleware/templates/rescues/_request_and_response.html.erb (1.0ms)
  Rendered /Users/Michael/.rvm/gems/ruby-2.2.1/gems/actionpack-4.2.1/lib/action_dispatch/middleware/templates/rescues/diagnostics.html.erb within rescues/layout (68.3ms)
  Rendered /Users/Michael/.rvm/gems/ruby-2.2.1/gems/web-console-2.1.2/lib/web_console/templates/_markup.html.erb (0.4ms)
  Rendered /Users/Michael/.rvm/gems/ruby-2.2.1/gems/web-console-2.1.2/lib/web_console/templates/style.css.erb within layouts/inlined_string (0.3ms)
  Rendered /Users/Michael/.rvm/gems/ruby-2.2.1/gems/web-console-2.1.2/lib/web_console/templates/_inner_console_markup.html.erb within layouts/inlined_string (0.4ms)
  Rendered /Users/Michael/.rvm/gems/ruby-2.2.1/gems/web-console-2.1.2/lib/web_console/templates/_prompt_box_markup.html.erb within layouts/inlined_string (0.3ms)
  Rendered /Users/Michael/.rvm/gems/ruby-2.2.1/gems/web-console-2.1.2/lib/web_console/templates/console.js.erb within layouts/javascript (53.4ms)
  Rendered /Users/Michael/.rvm/gems/ruby-2.2.1/gems/web-console-2.1.2/lib/web_console/templates/main.js.erb within layouts/javascript (0.6ms)
  Rendered /Users/Michael/.rvm/gems/ruby-2.2.1/gems/web-console-2.1.2/lib/web_console/templates/error_page.js.erb within layouts/javascript (0.4ms)
  Rendered /Users/Michael/.rvm/gems/ruby-2.2.1/gems/web-console-2.1.2/lib/web_console/templates/index.html.erb (118.6ms)


Started DELETE "/topics/1" for ::1 at 2015-05-07 12:39:55 -0500
Processing by TopicsController#destroy as HTML
  Parameters: {"authenticity_token"=>"RFMPRBtvdPq538NA+mEMLhqMYa5NTSV7/hSjJWQJWyi+l3KLvHvJBXXRuNiqFJQR4xYqVXeORuUZompy2EIwJA==", "id"=>"1"}
  [1m[35mSQL (2.3ms)[0m  DELETE FROM "topics" WHERE "topics"."id" = ?  [["id", 1]]
Redirected to http://localhost:3000/
Completed 302 Found in 4ms (ActiveRecord: 2.3ms)


Started GET "/" for ::1 at 2015-05-07 12:39:55 -0500
Processing by TopicsController#index as HTML
  [1m[36mTopic Load (0.2ms)[0m  [1mSELECT "topics".* FROM "topics"[0m
  Rendered topics/index.html.erb within layouts/application (0.9ms)
Completed 200 OK in 31ms (Views: 30.3ms | ActiveRecord: 0.2ms)


Started GET "/topics/new" for ::1 at 2015-05-07 12:39:57 -0500
Processing by TopicsController#new as HTML
  Rendered topics/new.html.erb within layouts/application (0.3ms)
Completed 200 OK in 45ms (Views: 44.2ms | ActiveRecord: 0.0ms)


Started POST "/topics" for ::1 at 2015-05-07 12:40:13 -0500
Processing by TopicsController#create as HTML
  Parameters: {"utf8"=>"✓", "authenticity_token"=>"8OaimnmfxMhqhe7nztg57K85lo/Ih5bd015QAREaemsKIt9V3ot5N6aLlX+eraHTVqPddPJE9UM06JlWrVERZw==", "title"=>"test", "subforum"=>"testing", "desc"=>"123"}
  [1m[35m (0.1ms)[0m  begin transaction
  [1m[36mSQL (0.3ms)[0m  [1mINSERT INTO "topics" ("title", "subforum") VALUES (?, ?)[0m  [["title", "test"], ["subforum", "testing"]]
  [1m[35m (1.0ms)[0m  commit transaction
Redirected to http://localhost:3000/
Completed 302 Found in 5ms (ActiveRecord: 1.5ms)


Started GET "/" for ::1 at 2015-05-07 12:40:14 -0500
Processing by TopicsController#index as HTML
  [1m[36mTopic Load (0.2ms)[0m  [1mSELECT "topics".* FROM "topics"[0m
  Rendered topics/index.html.erb within layouts/application (1.3ms)
Completed 200 OK in 33ms (Views: 31.9ms | ActiveRecord: 0.2ms)


Started GET "/topics/2" for ::1 at 2015-05-07 12:40:15 -0500
Processing by TopicsController#show as HTML
  Parameters: {"authenticity_token"=>"Boxn/2AZv7gEyJozKY8KTm8feeeDKftVtst4ZHfTWHj8SBowxw0CR8jG4at5+pJxloUyHLnqmMtRfbEzy5gzdA==", "id"=>"2"}
  [1m[35mTopic Load (0.1ms)[0m  SELECT  "topics".* FROM "topics" WHERE "topics"."id" = ? LIMIT 1  [["id", 2]]
  Rendered topics/show.html.erb within layouts/application (1.2ms)
Completed 500 Internal Server Error in 7ms (ActiveRecord: 0.1ms)

SyntaxError (/Users/Michael/Desktop/Web Development/final/app/views/topics/show.html.erb:40: syntax error, unexpected keyword_ensure, expecting end-of-input):
  app/views/topics/show.html.erb:40: syntax error, unexpected keyword_ensure, expecting end-of-input


  Rendered /Users/Michael/.rvm/gems/ruby-2.2.1/gems/actionpack-4.2.1/lib/action_dispatch/middleware/templates/rescues/_source.erb (8.4ms)
  Rendered /Users/Michael/.rvm/gems/ruby-2.2.1/gems/actionpack-4.2.1/lib/action_dispatch/middleware/templates/rescues/_trace.html.erb (2.7ms)
  Rendered /Users/Michael/.rvm/gems/ruby-2.2.1/gems/actionpack-4.2.1/lib/action_dispatch/middleware/templates/rescues/_request_and_response.html.erb (0.9ms)
  Rendered /Users/Michael/.rvm/gems/ruby-2.2.1/gems/actionpack-4.2.1/lib/action_dispatch/middleware/templates/rescues/diagnostics.html.erb within rescues/layout (65.1ms)
  Rendered /Users/Michael/.rvm/gems/ruby-2.2.1/gems/web-console-2.1.2/lib/web_console/templates/_markup.html.erb (0.3ms)
  Rendered /Users/Michael/.rvm/gems/ruby-2.2.1/gems/web-console-2.1.2/lib/web_console/templates/style.css.erb within layouts/inlined_string (0.3ms)
  Rendered /Users/Michael/.rvm/gems/ruby-2.2.1/gems/web-console-2.1.2/lib/web_console/templates/_inner_console_markup.html.erb within layouts/inlined_string (0.3ms)
  Rendered /Users/Michael/.rvm/gems/ruby-2.2.1/gems/web-console-2.1.2/lib/web_console/templates/_prompt_box_markup.html.erb within layouts/inlined_string (0.3ms)
  Rendered /Users/Michael/.rvm/gems/ruby-2.2.1/gems/web-console-2.1.2/lib/web_console/templates/console.js.erb within layouts/javascript (50.6ms)
  Rendered /Users/Michael/.rvm/gems/ruby-2.2.1/gems/web-console-2.1.2/lib/web_console/templates/main.js.erb within layouts/javascript (0.4ms)
  Rendered /Users/Michael/.rvm/gems/ruby-2.2.1/gems/web-console-2.1.2/lib/web_console/templates/error_page.js.erb within layouts/javascript (0.4ms)
  Rendered /Users/Michael/.rvm/gems/ruby-2.2.1/gems/web-console-2.1.2/lib/web_console/templates/index.html.erb (115.6ms)


Started GET "/topics/1" for ::1 at 2015-05-07 12:40:28 -0500
Processing by TopicsController#show as HTML
  Parameters: {"id"=>"1"}
  [1m[36mTopic Load (0.1ms)[0m  [1mSELECT  "topics".* FROM "topics" WHERE "topics"."id" = ? LIMIT 1[0m  [["id", 1]]
Completed 404 Not Found in 1ms (ActiveRecord: 0.1ms)

ActiveRecord::RecordNotFound (Couldn't find Topic with 'id'=1):
  app/controllers/topics_controller.rb:8:in `show'


  Rendered /Users/Michael/.rvm/gems/ruby-2.2.1/gems/actionpack-4.2.1/lib/action_dispatch/middleware/templates/rescues/_source.erb (7.1ms)
  Rendered /Users/Michael/.rvm/gems/ruby-2.2.1/gems/actionpack-4.2.1/lib/action_dispatch/middleware/templates/rescues/_trace.html.erb (2.5ms)
  Rendered /Users/Michael/.rvm/gems/ruby-2.2.1/gems/actionpack-4.2.1/lib/action_dispatch/middleware/templates/rescues/_request_and_response.html.erb (1.0ms)
  Rendered /Users/Michael/.rvm/gems/ruby-2.2.1/gems/actionpack-4.2.1/lib/action_dispatch/middleware/templates/rescues/diagnostics.html.erb within rescues/layout (62.4ms)
  Rendered /Users/Michael/.rvm/gems/ruby-2.2.1/gems/web-console-2.1.2/lib/web_console/templates/_markup.html.erb (0.4ms)
  Rendered /Users/Michael/.rvm/gems/ruby-2.2.1/gems/web-console-2.1.2/lib/web_console/templates/style.css.erb within layouts/inlined_string (0.3ms)
  Rendered /Users/Michael/.rvm/gems/ruby-2.2.1/gems/web-console-2.1.2/lib/web_console/templates/_inner_console_markup.html.erb within layouts/inlined_string (0.4ms)
  Rendered /Users/Michael/.rvm/gems/ruby-2.2.1/gems/web-console-2.1.2/lib/web_console/templates/_prompt_box_markup.html.erb within layouts/inlined_string (0.3ms)
  Rendered /Users/Michael/.rvm/gems/ruby-2.2.1/gems/web-console-2.1.2/lib/web_console/templates/console.js.erb within layouts/javascript (53.7ms)
  Rendered /Users/Michael/.rvm/gems/ruby-2.2.1/gems/web-console-2.1.2/lib/web_console/templates/main.js.erb within layouts/javascript (0.3ms)
  Rendered /Users/Michael/.rvm/gems/ruby-2.2.1/gems/web-console-2.1.2/lib/web_console/templates/error_page.js.erb within layouts/javascript (0.5ms)
  Rendered /Users/Michael/.rvm/gems/ruby-2.2.1/gems/web-console-2.1.2/lib/web_console/templates/index.html.erb (118.4ms)


Started GET "/topics/0" for ::1 at 2015-05-07 12:40:32 -0500
Processing by TopicsController#show as HTML
  Parameters: {"id"=>"0"}
  [1m[35mTopic Load (0.1ms)[0m  SELECT  "topics".* FROM "topics" WHERE "topics"."id" = ? LIMIT 1  [["id", 0]]
Completed 404 Not Found in 1ms (ActiveRecord: 0.1ms)

ActiveRecord::RecordNotFound (Couldn't find Topic with 'id'=0):
  app/controllers/topics_controller.rb:8:in `show'


  Rendered /Users/Michael/.rvm/gems/ruby-2.2.1/gems/actionpack-4.2.1/lib/action_dispatch/middleware/templates/rescues/_source.erb (5.6ms)
  Rendered /Users/Michael/.rvm/gems/ruby-2.2.1/gems/actionpack-4.2.1/lib/action_dispatch/middleware/templates/rescues/_trace.html.erb (3.2ms)
  Rendered /Users/Michael/.rvm/gems/ruby-2.2.1/gems/actionpack-4.2.1/lib/action_dispatch/middleware/templates/rescues/_request_and_response.html.erb (1.0ms)
  Rendered /Users/Michael/.rvm/gems/ruby-2.2.1/gems/actionpack-4.2.1/lib/action_dispatch/middleware/templates/rescues/diagnostics.html.erb within rescues/layout (64.9ms)
  Rendered /Users/Michael/.rvm/gems/ruby-2.2.1/gems/web-console-2.1.2/lib/web_console/templates/_markup.html.erb (0.4ms)
  Rendered /Users/Michael/.rvm/gems/ruby-2.2.1/gems/web-console-2.1.2/lib/web_console/templates/style.css.erb within layouts/inlined_string (0.4ms)
  Rendered /Users/Michael/.rvm/gems/ruby-2.2.1/gems/web-console-2.1.2/lib/web_console/templates/_inner_console_markup.html.erb within layouts/inlined_string (0.4ms)
  Rendered /Users/Michael/.rvm/gems/ruby-2.2.1/gems/web-console-2.1.2/lib/web_console/templates/_prompt_box_markup.html.erb within layouts/inlined_string (0.3ms)
  Rendered /Users/Michael/.rvm/gems/ruby-2.2.1/gems/web-console-2.1.2/lib/web_console/templates/console.js.erb within layouts/javascript (53.3ms)
  Rendered /Users/Michael/.rvm/gems/ruby-2.2.1/gems/web-console-2.1.2/lib/web_console/templates/main.js.erb within layouts/javascript (0.4ms)
  Rendered /Users/Michael/.rvm/gems/ruby-2.2.1/gems/web-console-2.1.2/lib/web_console/templates/error_page.js.erb within layouts/javascript (0.5ms)
  Rendered /Users/Michael/.rvm/gems/ruby-2.2.1/gems/web-console-2.1.2/lib/web_console/templates/index.html.erb (119.6ms)


Started GET "/topics/2" for ::1 at 2015-05-07 12:40:35 -0500
Processing by TopicsController#show as HTML
  Parameters: {"id"=>"2"}
  [1m[36mTopic Load (0.1ms)[0m  [1mSELECT  "topics".* FROM "topics" WHERE "topics"."id" = ? LIMIT 1[0m  [["id", 2]]
  Rendered topics/show.html.erb within layouts/application (0.9ms)
Completed 500 Internal Server Error in 6ms (ActiveRecord: 0.1ms)

SyntaxError (/Users/Michael/Desktop/Web Development/final/app/views/topics/show.html.erb:40: syntax error, unexpected keyword_ensure, expecting end-of-input):
  app/views/topics/show.html.erb:40: syntax error, unexpected keyword_ensure, expecting end-of-input


  Rendered /Users/Michael/.rvm/gems/ruby-2.2.1/gems/actionpack-4.2.1/lib/action_dispatch/middleware/templates/rescues/_source.erb (7.9ms)
  Rendered /Users/Michael/.rvm/gems/ruby-2.2.1/gems/actionpack-4.2.1/lib/action_dispatch/middleware/templates/rescues/_trace.html.erb (3.4ms)
  Rendered /Users/Michael/.rvm/gems/ruby-2.2.1/gems/actionpack-4.2.1/lib/action_dispatch/middleware/templates/rescues/_request_and_response.html.erb (0.9ms)
  Rendered /Users/Michael/.rvm/gems/ruby-2.2.1/gems/actionpack-4.2.1/lib/action_dispatch/middleware/templates/rescues/diagnostics.html.erb within rescues/layout (67.8ms)
  Rendered /Users/Michael/.rvm/gems/ruby-2.2.1/gems/web-console-2.1.2/lib/web_console/templates/_markup.html.erb (0.4ms)
  Rendered /Users/Michael/.rvm/gems/ruby-2.2.1/gems/web-console-2.1.2/lib/web_console/templates/style.css.erb within layouts/inlined_string (0.4ms)
  Rendered /Users/Michael/.rvm/gems/ruby-2.2.1/gems/web-console-2.1.2/lib/web_console/templates/_inner_console_markup.html.erb within layouts/inlined_string (0.3ms)
  Rendered /Users/Michael/.rvm/gems/ruby-2.2.1/gems/web-console-2.1.2/lib/web_console/templates/_prompt_box_markup.html.erb within layouts/inlined_string (0.3ms)
  Rendered /Users/Michael/.rvm/gems/ruby-2.2.1/gems/web-console-2.1.2/lib/web_console/templates/console.js.erb within layouts/javascript (56.4ms)
  Rendered /Users/Michael/.rvm/gems/ruby-2.2.1/gems/web-console-2.1.2/lib/web_console/templates/main.js.erb within layouts/javascript (0.4ms)
  Rendered /Users/Michael/.rvm/gems/ruby-2.2.1/gems/web-console-2.1.2/lib/web_console/templates/error_page.js.erb within layouts/javascript (0.5ms)
  Rendered /Users/Michael/.rvm/gems/ruby-2.2.1/gems/web-console-2.1.2/lib/web_console/templates/index.html.erb (119.8ms)


Started GET "/topics/2" for ::1 at 2015-05-07 12:48:02 -0500
Processing by TopicsController#show as HTML
  Parameters: {"id"=>"2"}
  [1m[35mTopic Load (0.2ms)[0m  SELECT  "topics".* FROM "topics" WHERE "topics"."id" = ? LIMIT 1  [["id", 2]]
  Rendered topics/show.html.erb within layouts/application (0.5ms)
Completed 200 OK in 36ms (Views: 34.9ms | ActiveRecord: 0.2ms)


Started GET "/topics/2" for ::1 at 2015-05-07 12:48:42 -0500
Processing by TopicsController#show as HTML
  Parameters: {"id"=>"2"}
  [1m[36mTopic Load (0.1ms)[0m  [1mSELECT  "topics".* FROM "topics" WHERE "topics"."id" = ? LIMIT 1[0m  [["id", 2]]
  Rendered topics/show.html.erb within layouts/application (0.8ms)
Completed 200 OK in 34ms (Views: 32.6ms | ActiveRecord: 0.1ms)


Started GET "/topics/2" for ::1 at 2015-05-07 12:48:44 -0500
Processing by TopicsController#show as HTML
  Parameters: {"id"=>"2"}
  [1m[35mTopic Load (0.1ms)[0m  SELECT  "topics".* FROM "topics" WHERE "topics"."id" = ? LIMIT 1  [["id", 2]]
  Rendered topics/show.html.erb within layouts/application (0.1ms)
Completed 200 OK in 33ms (Views: 31.5ms | ActiveRecord: 0.1ms)


Started GET "/topics/2" for ::1 at 2015-05-07 12:48:55 -0500
Processing by TopicsController#show as HTML
  Parameters: {"id"=>"2"}
  [1m[36mTopic Load (0.3ms)[0m  [1mSELECT  "topics".* FROM "topics" WHERE "topics"."id" = ? LIMIT 1[0m  [["id", 2]]
  Rendered topics/show.html.erb within layouts/application (0.5ms)
Completed 200 OK in 32ms (Views: 30.2ms | ActiveRecord: 0.3ms)


Started GET "/" for ::1 at 2015-05-07 12:49:43 -0500
Processing by TopicsController#index as HTML
  [1m[35mTopic Load (0.1ms)[0m  SELECT "topics".* FROM "topics"
  Rendered topics/index.html.erb within layouts/application (1.0ms)
Completed 200 OK in 31ms (Views: 29.8ms | ActiveRecord: 0.1ms)


Started DELETE "/topics/2" for ::1 at 2015-05-07 12:49:45 -0500
Processing by TopicsController#destroy as HTML
  Parameters: {"authenticity_token"=>"l9cxRlvyBTWusqQVQkqtWC8GkwxZcfinmy/t86l7Xr5tE0yJ/Oa4ymK8340SPzVn1pzY92Oymzl8mSSkFTA1sg==", "id"=>"2"}
  [1m[36mSQL (2.9ms)[0m  [1mDELETE FROM "topics" WHERE "topics"."id" = ?[0m  [["id", 2]]
Redirected to http://localhost:3000/
Completed 302 Found in 5ms (ActiveRecord: 2.9ms)


Started GET "/" for ::1 at 2015-05-07 12:49:45 -0500
Processing by TopicsController#index as HTML
  [1m[35mTopic Load (0.2ms)[0m  SELECT "topics".* FROM "topics"
  Rendered topics/index.html.erb within layouts/application (0.9ms)
Completed 200 OK in 37ms (Views: 36.4ms | ActiveRecord: 0.2ms)


Started GET "/topics/new" for ::1 at 2015-05-07 12:49:45 -0500
Processing by TopicsController#new as HTML
  Rendered topics/new.html.erb within layouts/application (0.9ms)
Completed 200 OK in 39ms (Views: 38.7ms | ActiveRecord: 0.0ms)


Started POST "/topics" for ::1 at 2015-05-07 12:49:54 -0500
Processing by TopicsController#create as HTML
  Parameters: {"utf8"=>"✓", "authenticity_token"=>"5GnB+qI7oVJf5EBI1SJmWUFu3VOkOTaDVjAbWXiEaEcerbw1BS8crZPqO9CFV/5muPSWqJ76VR2xhtIOxM8DSw==", "title"=>"test", "subforum"=>"testing", "content"=>"123"}
  [1m[36m (0.1ms)[0m  [1mbegin transaction[0m
  [1m[35mSQL (0.6ms)[0m  INSERT INTO "topics" ("title", "subforum", "content") VALUES (?, ?, ?)  [["title", "test"], ["subforum", "testing"], ["content", "123"]]
  [1m[36m (2.3ms)[0m  [1mcommit transaction[0m
Redirected to http://localhost:3000/
Completed 302 Found in 6ms (ActiveRecord: 3.0ms)


Started GET "/" for ::1 at 2015-05-07 12:49:55 -0500
Processing by TopicsController#index as HTML
  [1m[35mTopic Load (0.2ms)[0m  SELECT "topics".* FROM "topics"
  Rendered topics/index.html.erb within layouts/application (1.1ms)
Completed 200 OK in 30ms (Views: 29.0ms | ActiveRecord: 0.2ms)


Started GET "/topics/3" for ::1 at 2015-05-07 12:49:56 -0500
Processing by TopicsController#show as HTML
  Parameters: {"authenticity_token"=>"a4LM9CxYRA0cP5oTLNZnVtB77tGX07OA6MQk1iDu0nWRRrE7i0z58tAx4Yt8o/9pKeGlKq0Q0B4Pcu2BnKW5eQ==", "id"=>"3"}
  [1m[36mTopic Load (0.1ms)[0m  [1mSELECT  "topics".* FROM "topics" WHERE "topics"."id" = ? LIMIT 1[0m  [["id", 3]]
  Rendered topics/show.html.erb within layouts/application (0.5ms)
Completed 200 OK in 44ms (Views: 42.4ms | ActiveRecord: 0.1ms)


Started GET "/" for ::1 at 2015-05-07 16:38:41 -0500
Processing by TopicsController#index as HTML
  [1m[35mTopic Load (0.8ms)[0m  SELECT "topics".* FROM "topics"
  Rendered topics/index.html.erb within layouts/application (9.4ms)
Completed 200 OK in 95ms (Views: 86.8ms | ActiveRecord: 0.8ms)


Started DELETE "/topics/3" for ::1 at 2015-05-07 16:38:44 -0500
Processing by TopicsController#destroy as HTML
  Parameters: {"authenticity_token"=>"ptpoW9cJHgooKZmzXgIfTPJ4NLFR0cZ17uliAfpD49ZcHhWUcB2j9eQn4isOd4dzC+J/SmsSpesJX6tWRgiI2g==", "id"=>"3"}
  [1m[36mSQL (3.0ms)[0m  [1mDELETE FROM "topics" WHERE "topics"."id" = ?[0m  [["id", 3]]
Redirected to http://localhost:3000/
Completed 302 Found in 9ms (ActiveRecord: 3.0ms)


Started GET "/" for ::1 at 2015-05-07 16:38:44 -0500
Processing by TopicsController#index as HTML
  [1m[35mTopic Load (0.3ms)[0m  SELECT "topics".* FROM "topics"
  Rendered topics/index.html.erb within layouts/application (1.3ms)
Completed 200 OK in 57ms (Views: 56.3ms | ActiveRecord: 0.3ms)


Started GET "/topics/new" for ::1 at 2015-05-07 16:38:45 -0500
Processing by TopicsController#new as HTML
  Rendered topics/new.html.erb within layouts/application (2.3ms)
Completed 200 OK in 44ms (Views: 43.3ms | ActiveRecord: 0.0ms)


Started POST "/topics" for ::1 at 2015-05-07 16:38:54 -0500
Processing by TopicsController#create as HTML
  Parameters: {"utf8"=>"✓", "authenticity_token"=>"qd8N50g2sEqnULAyvXywcFhfpWjZvaLS4P2gdWEiZhZTG3Ao7yINtWtey6rtCShPocXuk+N+wUwHS2ki3WkNGg==", "title"=>"test", "subforum"=>"testing", "content"=>"123"}
  [1m[36m (0.2ms)[0m  [1mbegin transaction[0m
  [1m[35mSQL (0.5ms)[0m  INSERT INTO "topics" ("title", "subforum", "content") VALUES (?, ?, ?)  [["title", "test"], ["subforum", "testing"], ["content", "123"]]
  [1m[36m (1.0ms)[0m  [1mcommit transaction[0m
Redirected to http://localhost:3000/
Completed 302 Found in 8ms (ActiveRecord: 1.7ms)


Started GET "/" for ::1 at 2015-05-07 16:38:54 -0500
Processing by TopicsController#index as HTML
  [1m[35mTopic Load (0.2ms)[0m  SELECT "topics".* FROM "topics"
  Rendered topics/index.html.erb within layouts/application (1.0ms)
Completed 200 OK in 29ms (Views: 28.7ms | ActiveRecord: 0.2ms)


Started GET "/topics/4" for ::1 at 2015-05-07 16:38:55 -0500
Processing by TopicsController#show as HTML
  Parameters: {"authenticity_token"=>"fUfvq0E3oYYjT/jdUmH0nlHrVNpFlVC0r9S7EtoM7vuHg5Jk5iMcee9Bg0UCFGyhqHEfIX9WMypIYnJFZkeF9w==", "id"=>"4"}
  [1m[36mTopic Load (0.2ms)[0m  [1mSELECT  "topics".* FROM "topics" WHERE "topics"."id" = ? LIMIT 1[0m  [["id", 4]]
  Rendered topics/show.html.erb within layouts/application (0.2ms)
Completed 200 OK in 77ms (Views: 75.8ms | ActiveRecord: 0.2ms)


Started GET "/topics/4" for ::1 at 2015-05-07 16:39:01 -0500
Processing by TopicsController#show as HTML
  Parameters: {"id"=>"4"}
  [1m[35mTopic Load (0.1ms)[0m  SELECT  "topics".* FROM "topics" WHERE "topics"."id" = ? LIMIT 1  [["id", 4]]
  Rendered topics/show.html.erb within layouts/application (0.1ms)
Completed 200 OK in 35ms (Views: 33.6ms | ActiveRecord: 0.1ms)


Started GET "/topics/4" for ::1 at 2015-05-07 16:45:52 -0500
Processing by TopicsController#show as HTML
  Parameters: {"authenticity_token"=>"fUfvq0E3oYYjT/jdUmH0nlHrVNpFlVC0r9S7EtoM7vuHg5Jk5iMcee9Bg0UCFGyhqHEfIX9WMypIYnJFZkeF9w==", "id"=>"4"}
  [1m[36mTopic Load (0.3ms)[0m  [1mSELECT  "topics".* FROM "topics" WHERE "topics"."id" = ? LIMIT 1[0m  [["id", 4]]
  Rendered topics/show.html.erb within layouts/application (1.3ms)
Completed 200 OK in 46ms (Views: 44.0ms | ActiveRecord: 0.3ms)


Started GET "/topics/4" for ::1 at 2015-05-07 16:45:54 -0500
Processing by TopicsController#show as HTML
  Parameters: {"id"=>"4"}
  [1m[35mTopic Load (0.1ms)[0m  SELECT  "topics".* FROM "topics" WHERE "topics"."id" = ? LIMIT 1  [["id", 4]]
  Rendered topics/show.html.erb within layouts/application (0.7ms)
Completed 200 OK in 35ms (Views: 33.7ms | ActiveRecord: 0.1ms)


Started GET "/topics/4" for ::1 at 2015-05-07 16:45:55 -0500
Processing by TopicsController#show as HTML
  Parameters: {"id"=>"4"}
  [1m[36mTopic Load (0.1ms)[0m  [1mSELECT  "topics".* FROM "topics" WHERE "topics"."id" = ? LIMIT 1[0m  [["id", 4]]
  Rendered topics/show.html.erb within layouts/application (0.2ms)
Completed 200 OK in 37ms (Views: 35.9ms | ActiveRecord: 0.1ms)


Started GET "/topics/4" for ::1 at 2015-05-07 16:45:58 -0500
Processing by TopicsController#show as HTML
  Parameters: {"id"=>"4"}
  [1m[35mTopic Load (0.1ms)[0m  SELECT  "topics".* FROM "topics" WHERE "topics"."id" = ? LIMIT 1  [["id", 4]]
  Rendered topics/show.html.erb within layouts/application (0.6ms)
Completed 200 OK in 40ms (Views: 38.7ms | ActiveRecord: 0.1ms)


Started GET "/topics/4" for ::1 at 2015-05-07 16:46:05 -0500
Processing by TopicsController#show as HTML
  Parameters: {"id"=>"4"}
  [1m[36mTopic Load (0.1ms)[0m  [1mSELECT  "topics".* FROM "topics" WHERE "topics"."id" = ? LIMIT 1[0m  [["id", 4]]
  Rendered topics/show.html.erb within layouts/application (0.6ms)
Completed 200 OK in 39ms (Views: 37.5ms | ActiveRecord: 0.1ms)


Started GET "/" for ::1 at 2015-05-07 16:46:07 -0500
Processing by TopicsController#index as HTML
  [1m[35mTopic Load (0.5ms)[0m  SELECT "topics".* FROM "topics"
  Rendered topics/index.html.erb within layouts/application (3.4ms)
Completed 200 OK in 37ms (Views: 36.4ms | ActiveRecord: 0.5ms)


Started GET "/topics/4" for ::1 at 2015-05-07 16:46:10 -0500
Processing by TopicsController#show as HTML
  Parameters: {"authenticity_token"=>"518SD7Ce18K+SkSORQwK2Xks1tKJ27fDCLEYyOBx2Zwdm2/AF4pqPXJEPxYVeZLmgLadKbMY1F3vB9GfXDqykA==", "id"=>"4"}
  [1m[36mTopic Load (0.2ms)[0m  [1mSELECT  "topics".* FROM "topics" WHERE "topics"."id" = ? LIMIT 1[0m  [["id", 4]]
  Rendered topics/show.html.erb within layouts/application (0.2ms)
Completed 200 OK in 36ms (Views: 34.0ms | ActiveRecord: 0.2ms)


Started GET "/" for ::1 at 2015-05-07 16:46:12 -0500
Processing by TopicsController#index as HTML
  [1m[35mTopic Load (0.3ms)[0m  SELECT "topics".* FROM "topics"
  Rendered topics/index.html.erb within layouts/application (2.6ms)
Completed 200 OK in 38ms (Views: 37.5ms | ActiveRecord: 0.3ms)


Started GET "/topics/new" for ::1 at 2015-05-07 16:46:14 -0500
Processing by TopicsController#new as HTML
  Rendered topics/new.html.erb within layouts/application (0.3ms)
Completed 200 OK in 38ms (Views: 37.1ms | ActiveRecord: 0.0ms)


Started POST "/topics" for ::1 at 2015-05-07 16:46:25 -0500
Processing by TopicsController#create as HTML
  Parameters: {"utf8"=>"✓", "authenticity_token"=>"dll+AH1+h7B+/b+E6OfjeBmlDb1oH2iI33MK/EMdSsuMnQPP2mo6T7LzxBy4kntH4D9GRlLcCxY4xcOr/1Yhxw==", "title"=>"test two", "subforum"=>"testing2", "content"=>"sdasd"}
  [1m[36m (0.1ms)[0m  [1mbegin transaction[0m
  [1m[35mSQL (0.4ms)[0m  INSERT INTO "topics" ("title", "subforum", "content") VALUES (?, ?, ?)  [["title", "test two"], ["subforum", "testing2"], ["content", "sdasd"]]
  [1m[36m (1.0ms)[0m  [1mcommit transaction[0m
Redirected to http://localhost:3000/
Completed 302 Found in 6ms (ActiveRecord: 1.5ms)


Started GET "/" for ::1 at 2015-05-07 16:46:25 -0500
Processing by TopicsController#index as HTML
  [1m[35mTopic Load (0.2ms)[0m  SELECT "topics".* FROM "topics"
  Rendered topics/index.html.erb within layouts/application (1.6ms)
Completed 200 OK in 35ms (Views: 34.0ms | ActiveRecord: 0.2ms)


Started GET "/topics/5" for ::1 at 2015-05-07 16:46:29 -0500
Processing by TopicsController#show as HTML
  Parameters: {"authenticity_token"=>"hYnMPyp8ffKvHK4ApiEXhArdggcjtpRvfR0F5ms5/Ht/TbHwjWjADWMS1Zj2VI+780fJ/Bl19/Gaq8yx13KXdw==", "id"=>"5"}
  [1m[36mTopic Load (0.2ms)[0m  [1mSELECT  "topics".* FROM "topics" WHERE "topics"."id" = ? LIMIT 1[0m  [["id", 5]]
  Rendered topics/show.html.erb within layouts/application (0.2ms)
Completed 200 OK in 33ms (Views: 31.6ms | ActiveRecord: 0.2ms)


Started GET "/" for ::1 at 2015-05-07 16:46:32 -0500
Processing by TopicsController#index as HTML
  [1m[35mTopic Load (0.2ms)[0m  SELECT "topics".* FROM "topics"
  Rendered topics/index.html.erb within layouts/application (1.7ms)
Completed 200 OK in 36ms (Views: 35.2ms | ActiveRecord: 0.2ms)
